#-----------------------------------------------------------
# Vivado v2019.1 (64-bit)
# SW Build 2552052 on Fri May 24 14:49:42 MDT 2019
# IP Build 2548770 on Fri May 24 18:01:18 MDT 2019
# Start of session at: Wed Dec 13 07:15:10 2023
# Process ID: 8276
# Current directory: C:/Users/schwinn/final_project
# Command line: vivado.exe -gui_launcher_event rodinguilauncherevent11452 C:\Users\schwinn\final_project\project_1.xpr
# Log file: C:/Users/schwinn/final_project/vivado.log
# Journal file: C:/Users/schwinn/final_project\vivado.jou
#-----------------------------------------------------------
start_gui
open_project C:/Users/schwinn/final_project/project_1.xpr
CRITICAL WARNING: [Project 1-19] Could not find the file 'C:/Users/schwinn/final_project/chord_player_tb.v'.
Scanning sources...
Finished scanning sources
WARNING: [filemgmt 56-3] IP Repository Path: Could not find the directory 'C:/Users/schwinn/Downloads/hdmi_tx_ip'.
INFO: [IP_Flow 19-234] Refreshing IP repositories
WARNING: [IP_Flow 19-2248] Failed to load user IP repository 'c:/Users/schwinn/Downloads/hdmi_tx_ip'; Can't find the specified path.
If this directory should no longer be in your list of user repositories, go to the IP Settings dialog and remove it.
INFO: [IP_Flow 19-2313] Loaded Vivado IP repository 'C:/Xilinx/Vivado/2019.1/data/ip'.
WARNING: [IP_Flow 19-2162] IP 'hdmi_tx_0' is locked:
* IP definition 'hdmi_tx (1.1)' for IP 'hdmi_tx_0' (customized with software release 2019.1) was not found in the IP Catalog.
open_project: Time (s): cpu = 00:00:16 ; elapsed = 00:00:06 . Memory (MB): peak = 741.656 ; gain = 106.031
update_compile_order -fileset sources_1
launch_simulation
INFO: [Vivado 12-5698] Checking validity of IPs in the design for the 'XSim' simulator...
INFO: [Vivado 12-5682] Launching behavioral simulation in 'C:/Users/schwinn/final_project/project_1.sim/sim_1/behav/xsim'
INFO: [Vivado 12-4795] Using compiled simulation libraries for IPs
INFO: [SIM-utils-51] Simulation object is 'sim_1'
INFO: [USF-XSim-7] Finding pre-compiled libraries...
INFO: [USF-XSim-11] File 'C:/Xilinx/Vivado/2019.1/data/xsim/xsim.ini' copied to run dir:'C:/Users/schwinn/final_project/project_1.sim/sim_1/behav/xsim'
INFO: [SIM-utils-54] Inspecting design source files for 'music_player_tb' in fileset 'sim_1'...
INFO: [USF-XSim-97] Finding global include files...
INFO: [USF-XSim-98] Fetching design files from 'sim_1'...
INFO: [USF-XSim-2] XSim::Compile design
INFO: [USF-XSim-61] Executing 'COMPILE and ANALYZE' step in 'C:/Users/schwinn/final_project/project_1.sim/sim_1/behav/xsim'
"xvlog --incr --relax -prj music_player_tb_vlog.prj"
INFO: [VRFC 10-2263] Analyzing Verilog file "C:/Users/schwinn/final_project/ac97_if.v" into library xil_defaultlib
INFO: [VRFC 10-311] analyzing module ac97_if
INFO: [VRFC 10-2263] Analyzing Verilog file "C:/Users/schwinn/final_project/beat_generator.v" into library xil_defaultlib
INFO: [VRFC 10-311] analyzing module beat_generator
INFO: [VRFC 10-2263] Analyzing Verilog file "C:/Users/schwinn/final_project/chord_player.v" into library xil_defaultlib
INFO: [VRFC 10-311] analyzing module chord_player
INFO: [VRFC 10-2263] Analyzing Verilog file "C:/Users/schwinn/final_project/chord_slot.v" into library xil_defaultlib
INFO: [VRFC 10-311] analyzing module chord_slot
INFO: [VRFC 10-2263] Analyzing Verilog file "C:/Users/schwinn/final_project/codec_conditioner.v" into library xil_defaultlib
INFO: [VRFC 10-311] analyzing module codec_conditioner
INFO: [VRFC 10-2263] Analyzing Verilog file "C:/Users/schwinn/final_project/dff.v" into library xil_defaultlib
INFO: [VRFC 10-311] analyzing module dff
INFO: [VRFC 10-2263] Analyzing Verilog file "C:/Users/schwinn/final_project/dffr.v" into library xil_defaultlib
INFO: [VRFC 10-311] analyzing module dffr
INFO: [VRFC 10-2263] Analyzing Verilog file "C:/Users/schwinn/final_project/dffre.v" into library xil_defaultlib
INFO: [VRFC 10-311] analyzing module dffre
INFO: [VRFC 10-2263] Analyzing Verilog file "C:/Users/schwinn/final_project/dynamics.v" into library xil_defaultlib
INFO: [VRFC 10-311] analyzing module dynamics
INFO: [VRFC 10-2263] Analyzing Verilog file "C:/Users/schwinn/final_project/project_1.srcs/sources_1/new/echo.v" into library xil_defaultlib
INFO: [VRFC 10-311] analyzing module echo
INFO: [VRFC 10-2263] Analyzing Verilog file "C:/Users/schwinn/final_project/frequency_rom.v" into library xil_defaultlib
INFO: [VRFC 10-311] analyzing module frequency_rom
INFO: [VRFC 10-2263] Analyzing Verilog file "C:/Users/schwinn/final_project/mcu.v" into library xil_defaultlib
INFO: [VRFC 10-311] analyzing module mcu
INFO: [VRFC 10-2263] Analyzing Verilog file "C:/Users/schwinn/final_project/music_player.v" into library xil_defaultlib
INFO: [VRFC 10-311] analyzing module music_player
INFO: [VRFC 10-2263] Analyzing Verilog file "C:/Users/schwinn/final_project/note_player.v" into library xil_defaultlib
INFO: [VRFC 10-311] analyzing module note_player
INFO: [VRFC 10-2263] Analyzing Verilog file "C:/Users/schwinn/final_project/project_1.srcs/sources_1/new/replay_ram.v" into library xil_defaultlib
INFO: [VRFC 10-311] analyzing module replay_ram
INFO: [VRFC 10-2263] Analyzing Verilog file "C:/Users/schwinn/final_project/sine_reader.v" into library xil_defaultlib
INFO: [VRFC 10-311] analyzing module sine_reader
INFO: [VRFC 10-2263] Analyzing Verilog file "C:/Users/schwinn/final_project/sine_rom.v" into library xil_defaultlib
INFO: [VRFC 10-311] analyzing module sine_rom
INFO: [VRFC 10-2263] Analyzing Verilog file "C:/Users/schwinn/final_project/song_reader.v" into library xil_defaultlib
INFO: [VRFC 10-311] analyzing module song_reader
INFO: [VRFC 10-2263] Analyzing Verilog file "C:/Users/schwinn/final_project/song_rom.v" into library xil_defaultlib
INFO: [VRFC 10-311] analyzing module song_rom
INFO: [VRFC 10-2263] Analyzing Verilog file "C:/Users/schwinn/final_project/music_player_tb.v" into library xil_defaultlib
INFO: [VRFC 10-311] analyzing module music_player_tb
INFO: [USF-XSim-69] 'compile' step finished in '1' seconds
INFO: [USF-XSim-3] XSim::Elaborate design
INFO: [USF-XSim-61] Executing 'ELABORATE' step in 'C:/Users/schwinn/final_project/project_1.sim/sim_1/behav/xsim'
"xelab -wto 649fac6bb3f64933b76be66f434eb721 --incr --debug typical --relax --mt 2 -L xil_defaultlib -L unisims_ver -L unimacro_ver -L secureip -L xpm --snapshot music_player_tb_behav xil_defaultlib.music_player_tb xil_defaultlib.glbl -log elaborate.log"
Vivado Simulator 2019.1
Copyright 1986-1999, 2001-2019 Xilinx, Inc. All Rights Reserved.
Running: C:/Xilinx/Vivado/2019.1/bin/unwrapped/win64.o/xelab.exe -wto 649fac6bb3f64933b76be66f434eb721 --incr --debug typical --relax --mt 2 -L xil_defaultlib -L unisims_ver -L unimacro_ver -L secureip -L xpm --snapshot music_player_tb_behav xil_defaultlib.music_player_tb xil_defaultlib.glbl -log elaborate.log 
Using 2 slave threads.
Starting static elaboration
WARNING: [VRFC 10-3091] actual bit length 16 differs from formal bit length 17 for port 'd' [C:/Users/schwinn/final_project/project_1.srcs/sources_1/new/echo.v:52]
WARNING: [VRFC 10-3091] actual bit length 16 differs from formal bit length 17 for port 'q' [C:/Users/schwinn/final_project/project_1.srcs/sources_1/new/echo.v:53]
WARNING: [VRFC 10-3091] actual bit length 16 differs from formal bit length 17 for port 'd' [C:/Users/schwinn/final_project/project_1.srcs/sources_1/new/echo.v:59]
WARNING: [VRFC 10-3091] actual bit length 16 differs from formal bit length 17 for port 'q' [C:/Users/schwinn/final_project/project_1.srcs/sources_1/new/echo.v:60]
Completed static elaboration
Starting simulation data flow analysis
WARNING: [XSIM 43-4100] "C:/Users/schwinn/final_project/project_1.sim/sim_1/behav/xsim/glbl.v" Line 6. Module glbl has a timescale but at least one module in design doesn't have timescale.
Completed simulation data flow analysis
Time Resolution for simulation is 1ps
Compiling module xil_defaultlib.dffre(WIDTH=2)
Compiling module xil_defaultlib.dffr
Compiling module xil_defaultlib.mcu
Compiling module xil_defaultlib.dffr(WIDTH=7)
Compiling module xil_defaultlib.dffr(WIDTH=3)
Compiling module xil_defaultlib.song_rom
Compiling module xil_defaultlib.song_reader
Compiling module xil_defaultlib.dffre(WIDTH=6)
Compiling module xil_defaultlib.chord_slot
Compiling module xil_defaultlib.chord_slot(IS_WAITER=1)
Compiling module xil_defaultlib.dffre
Compiling module xil_defaultlib.frequency_rom
Compiling module xil_defaultlib.dffre(WIDTH=22)
Compiling module xil_defaultlib.sine_rom
Compiling module xil_defaultlib.dff
Compiling module xil_defaultlib.sine_reader
Compiling module xil_defaultlib.dffr(WIDTH=48)
Compiling module xil_defaultlib.note_player
Compiling module xil_defaultlib.dffre(WIDTH=16)
Compiling module xil_defaultlib.dffr(WIDTH=16)
Compiling module xil_defaultlib.dynamics
Compiling module xil_defaultlib.chord_player
Compiling module xil_defaultlib.replay_ram
Compiling module xil_defaultlib.dffr(WIDTH=17)
Compiling module xil_defaultlib.echo(WIDTH=96)
Compiling module xil_defaultlib.dffre(WIDTH=10)
Compiling module xil_defaultlib.beat_generator(STOP=100)
Compiling module xil_defaultlib.codec_conditioner
Compiling module xil_defaultlib.music_player
Compiling module xil_defaultlib.dffr(WIDTH=8)
Compiling module xil_defaultlib.dffre(WIDTH=32)
Compiling module xil_defaultlib.ac97_if
Compiling module xil_defaultlib.music_player_tb
Compiling module xil_defaultlib.glbl
Built simulation snapshot music_player_tb_behav
INFO: [USF-XSim-69] 'elaborate' step finished in '4' seconds
INFO: [USF-XSim-4] XSim::Simulate design
INFO: [USF-XSim-61] Executing 'SIMULATE' step in 'C:/Users/schwinn/final_project/project_1.sim/sim_1/behav/xsim'
INFO: [USF-XSim-98] *** Running xsim
   with args "music_player_tb_behav -key {Behavioral:sim_1:Functional:music_player_tb} -tclbatch {music_player_tb.tcl} -log {simulate.log}"
INFO: [USF-XSim-8] Loading simulator feature
Vivado Simulator 2019.1
Time resolution is 1 ps
source music_player_tb.tcl
# set curr_wave [current_wave_config]
# if { [string length $curr_wave] == 0 } {
#   if { [llength [get_objects]] > 0} {
#     add_wave /
#     set_property needs_save false [current_wave_config]
#   } else {
#      send_msg_id Add_Wave-1 WARNING "No top level signals found. Simulator will start without a wave window. If you want to open a wave window go to 'File->New Waveform Configuration' or type 'create_wave_config' in the TCL console."
#   }
# }
# run 0.01s
Audio out: sound file audio.snd opened for output.
Playing first song...
INFO: [Common 17-41] Interrupt caught. Command should exit soon.
run: Time (s): cpu = 00:00:05 ; elapsed = 00:00:19 . Memory (MB): peak = 825.535 ; gain = 0.000
INFO: [Common 17-344] 'run' was cancelled
INFO: [Common 17-344] 'source' was cancelled
xsim: Time (s): cpu = 00:00:11 ; elapsed = 00:00:22 . Memory (MB): peak = 825.535 ; gain = 28.840
INFO: [Common 17-344] 'xsim' was cancelled
INFO: [Vivado 12-5357] 'simulate' step aborted
launch_simulation: Time (s): cpu = 00:00:16 ; elapsed = 00:00:29 . Memory (MB): peak = 825.535 ; gain = 28.840
INFO: [Common 17-344] 'launch_simulation' was cancelled
current_wave_config {}
WARNING: [Wavedata 42-16] Error Unable to get wave configuration ''.
Untitled 1
add_wave {{/music_player_tb/music_player/chord_sample}} 
current_wave_config {Untitled 1}
Untitled 1
add_wave {{/music_player_tb/music_player/echo_sample}} 
restart
INFO: [Simtcl 6-17] Simulation restarted
run 10 ms
Audio out: sound file audio.snd opened for output.
Playing first song...
run: Time (s): cpu = 00:00:04 ; elapsed = 00:00:17 . Memory (MB): peak = 831.961 ; gain = 0.000
close_sim
INFO: [Simtcl 6-16] Simulation closed
launch_simulation
INFO: [Vivado 12-5698] Checking validity of IPs in the design for the 'XSim' simulator...
INFO: [Vivado 12-5682] Launching behavioral simulation in 'C:/Users/schwinn/final_project/project_1.sim/sim_1/behav/xsim'
INFO: [Vivado 12-4795] Using compiled simulation libraries for IPs
INFO: [SIM-utils-51] Simulation object is 'sim_1'
INFO: [USF-XSim-7] Finding pre-compiled libraries...
INFO: [USF-XSim-11] File 'C:/Xilinx/Vivado/2019.1/data/xsim/xsim.ini' copied to run dir:'C:/Users/schwinn/final_project/project_1.sim/sim_1/behav/xsim'
INFO: [SIM-utils-54] Inspecting design source files for 'music_player_tb' in fileset 'sim_1'...
INFO: [USF-XSim-97] Finding global include files...
INFO: [USF-XSim-98] Fetching design files from 'sim_1'...
INFO: [USF-XSim-2] XSim::Compile design
INFO: [USF-XSim-61] Executing 'COMPILE and ANALYZE' step in 'C:/Users/schwinn/final_project/project_1.sim/sim_1/behav/xsim'
"xvlog --incr --relax -prj music_player_tb_vlog.prj"
INFO: [VRFC 10-2263] Analyzing Verilog file "C:/Users/schwinn/final_project/ac97_if.v" into library xil_defaultlib
INFO: [VRFC 10-311] analyzing module ac97_if
INFO: [VRFC 10-2263] Analyzing Verilog file "C:/Users/schwinn/final_project/beat_generator.v" into library xil_defaultlib
INFO: [VRFC 10-311] analyzing module beat_generator
INFO: [VRFC 10-2263] Analyzing Verilog file "C:/Users/schwinn/final_project/chord_player.v" into library xil_defaultlib
INFO: [VRFC 10-311] analyzing module chord_player
INFO: [VRFC 10-2263] Analyzing Verilog file "C:/Users/schwinn/final_project/chord_slot.v" into library xil_defaultlib
INFO: [VRFC 10-311] analyzing module chord_slot
INFO: [VRFC 10-2263] Analyzing Verilog file "C:/Users/schwinn/final_project/codec_conditioner.v" into library xil_defaultlib
INFO: [VRFC 10-311] analyzing module codec_conditioner
INFO: [VRFC 10-2263] Analyzing Verilog file "C:/Users/schwinn/final_project/dff.v" into library xil_defaultlib
INFO: [VRFC 10-311] analyzing module dff
INFO: [VRFC 10-2263] Analyzing Verilog file "C:/Users/schwinn/final_project/dffr.v" into library xil_defaultlib
INFO: [VRFC 10-311] analyzing module dffr
INFO: [VRFC 10-2263] Analyzing Verilog file "C:/Users/schwinn/final_project/dffre.v" into library xil_defaultlib
INFO: [VRFC 10-311] analyzing module dffre
INFO: [VRFC 10-2263] Analyzing Verilog file "C:/Users/schwinn/final_project/dynamics.v" into library xil_defaultlib
INFO: [VRFC 10-311] analyzing module dynamics
INFO: [VRFC 10-2263] Analyzing Verilog file "C:/Users/schwinn/final_project/project_1.srcs/sources_1/new/echo.v" into library xil_defaultlib
INFO: [VRFC 10-311] analyzing module echo
INFO: [VRFC 10-2263] Analyzing Verilog file "C:/Users/schwinn/final_project/frequency_rom.v" into library xil_defaultlib
INFO: [VRFC 10-311] analyzing module frequency_rom
INFO: [VRFC 10-2263] Analyzing Verilog file "C:/Users/schwinn/final_project/mcu.v" into library xil_defaultlib
INFO: [VRFC 10-311] analyzing module mcu
INFO: [VRFC 10-2263] Analyzing Verilog file "C:/Users/schwinn/final_project/music_player.v" into library xil_defaultlib
INFO: [VRFC 10-311] analyzing module music_player
INFO: [VRFC 10-2263] Analyzing Verilog file "C:/Users/schwinn/final_project/note_player.v" into library xil_defaultlib
INFO: [VRFC 10-311] analyzing module note_player
INFO: [VRFC 10-2263] Analyzing Verilog file "C:/Users/schwinn/final_project/project_1.srcs/sources_1/new/replay_ram.v" into library xil_defaultlib
INFO: [VRFC 10-311] analyzing module replay_ram
INFO: [VRFC 10-2263] Analyzing Verilog file "C:/Users/schwinn/final_project/sine_reader.v" into library xil_defaultlib
INFO: [VRFC 10-311] analyzing module sine_reader
INFO: [VRFC 10-2263] Analyzing Verilog file "C:/Users/schwinn/final_project/sine_rom.v" into library xil_defaultlib
INFO: [VRFC 10-311] analyzing module sine_rom
INFO: [VRFC 10-2263] Analyzing Verilog file "C:/Users/schwinn/final_project/song_reader.v" into library xil_defaultlib
INFO: [VRFC 10-311] analyzing module song_reader
INFO: [VRFC 10-2263] Analyzing Verilog file "C:/Users/schwinn/final_project/song_rom.v" into library xil_defaultlib
INFO: [VRFC 10-311] analyzing module song_rom
INFO: [VRFC 10-2263] Analyzing Verilog file "C:/Users/schwinn/final_project/music_player_tb.v" into library xil_defaultlib
INFO: [VRFC 10-311] analyzing module music_player_tb
INFO: [USF-XSim-69] 'compile' step finished in '2' seconds
INFO: [USF-XSim-3] XSim::Elaborate design
INFO: [USF-XSim-61] Executing 'ELABORATE' step in 'C:/Users/schwinn/final_project/project_1.sim/sim_1/behav/xsim'
"xelab -wto 649fac6bb3f64933b76be66f434eb721 --incr --debug typical --relax --mt 2 -L xil_defaultlib -L unisims_ver -L unimacro_ver -L secureip -L xpm --snapshot music_player_tb_behav xil_defaultlib.music_player_tb xil_defaultlib.glbl -log elaborate.log"
Vivado Simulator 2019.1
Copyright 1986-1999, 2001-2019 Xilinx, Inc. All Rights Reserved.
Running: C:/Xilinx/Vivado/2019.1/bin/unwrapped/win64.o/xelab.exe -wto 649fac6bb3f64933b76be66f434eb721 --incr --debug typical --relax --mt 2 -L xil_defaultlib -L unisims_ver -L unimacro_ver -L secureip -L xpm --snapshot music_player_tb_behav xil_defaultlib.music_player_tb xil_defaultlib.glbl -log elaborate.log 
Using 2 slave threads.
Starting static elaboration
WARNING: [VRFC 10-3091] actual bit length 16 differs from formal bit length 17 for port 'd' [C:/Users/schwinn/final_project/project_1.srcs/sources_1/new/echo.v:52]
WARNING: [VRFC 10-3091] actual bit length 16 differs from formal bit length 17 for port 'q' [C:/Users/schwinn/final_project/project_1.srcs/sources_1/new/echo.v:53]
WARNING: [VRFC 10-3091] actual bit length 16 differs from formal bit length 17 for port 'd' [C:/Users/schwinn/final_project/project_1.srcs/sources_1/new/echo.v:59]
WARNING: [VRFC 10-3091] actual bit length 16 differs from formal bit length 17 for port 'q' [C:/Users/schwinn/final_project/project_1.srcs/sources_1/new/echo.v:60]
Completed static elaboration
Starting simulation data flow analysis
WARNING: [XSIM 43-4100] "C:/Users/schwinn/final_project/project_1.sim/sim_1/behav/xsim/glbl.v" Line 6. Module glbl has a timescale but at least one module in design doesn't have timescale.
Completed simulation data flow analysis
Time Resolution for simulation is 1ps
Compiling module xil_defaultlib.dffre(WIDTH=2)
Compiling module xil_defaultlib.dffr
Compiling module xil_defaultlib.mcu
Compiling module xil_defaultlib.dffr(WIDTH=7)
Compiling module xil_defaultlib.dffr(WIDTH=3)
Compiling module xil_defaultlib.song_rom
Compiling module xil_defaultlib.song_reader
Compiling module xil_defaultlib.dffre(WIDTH=6)
Compiling module xil_defaultlib.chord_slot
Compiling module xil_defaultlib.chord_slot(IS_WAITER=1)
Compiling module xil_defaultlib.dffre
Compiling module xil_defaultlib.frequency_rom
Compiling module xil_defaultlib.dffre(WIDTH=22)
Compiling module xil_defaultlib.sine_rom
Compiling module xil_defaultlib.dff
Compiling module xil_defaultlib.sine_reader
Compiling module xil_defaultlib.dffr(WIDTH=48)
Compiling module xil_defaultlib.note_player
Compiling module xil_defaultlib.dffre(WIDTH=16)
Compiling module xil_defaultlib.dffr(WIDTH=16)
Compiling module xil_defaultlib.dynamics
Compiling module xil_defaultlib.chord_player
Compiling module xil_defaultlib.replay_ram
Compiling module xil_defaultlib.dffr(WIDTH=17)
Compiling module xil_defaultlib.echo(WIDTH=48)
Compiling module xil_defaultlib.dffre(WIDTH=10)
Compiling module xil_defaultlib.beat_generator(STOP=100)
Compiling module xil_defaultlib.codec_conditioner
Compiling module xil_defaultlib.music_player
Compiling module xil_defaultlib.dffr(WIDTH=8)
Compiling module xil_defaultlib.dffre(WIDTH=32)
Compiling module xil_defaultlib.ac97_if
Compiling module xil_defaultlib.music_player_tb
Compiling module xil_defaultlib.glbl
Built simulation snapshot music_player_tb_behav
INFO: [USF-XSim-69] 'elaborate' step finished in '3' seconds
INFO: [USF-XSim-4] XSim::Simulate design
INFO: [USF-XSim-61] Executing 'SIMULATE' step in 'C:/Users/schwinn/final_project/project_1.sim/sim_1/behav/xsim'
INFO: [USF-XSim-98] *** Running xsim
   with args "music_player_tb_behav -key {Behavioral:sim_1:Functional:music_player_tb} -tclbatch {music_player_tb.tcl} -log {simulate.log}"
INFO: [USF-XSim-8] Loading simulator feature
Vivado Simulator 2019.1
Time resolution is 1 ps
source music_player_tb.tcl
# set curr_wave [current_wave_config]
# if { [string length $curr_wave] == 0 } {
#   if { [llength [get_objects]] > 0} {
#     add_wave /
#     set_property needs_save false [current_wave_config]
#   } else {
#      send_msg_id Add_Wave-1 WARNING "No top level signals found. Simulator will start without a wave window. If you want to open a wave window go to 'File->New Waveform Configuration' or type 'create_wave_config' in the TCL console."
#   }
# }
# run 0.01s
Audio out: sound file audio.snd opened for output.
Playing first song...
INFO: [Common 17-41] Interrupt caught. Command should exit soon.
run: Time (s): cpu = 00:00:02 ; elapsed = 00:00:09 . Memory (MB): peak = 831.961 ; gain = 0.000
INFO: [Common 17-344] 'run' was cancelled
INFO: [Common 17-344] 'source' was cancelled
xsim: Time (s): cpu = 00:00:06 ; elapsed = 00:00:12 . Memory (MB): peak = 831.961 ; gain = 0.000
INFO: [Common 17-344] 'xsim' was cancelled
INFO: [Vivado 12-5357] 'simulate' step aborted
launch_simulation: Time (s): cpu = 00:00:07 ; elapsed = 00:00:17 . Memory (MB): peak = 831.961 ; gain = 0.000
INFO: [Common 17-344] 'launch_simulation' was cancelled
close_sim
INFO: [Simtcl 6-16] Simulation closed
exit
INFO: [Common 17-206] Exiting Vivado at Wed Dec 13 07:21:15 2023...
