#-----------------------------------------------------------
# Vivado v2019.1 (64-bit)
# SW Build 2552052 on Fri May 24 14:49:42 MDT 2019
# IP Build 2548770 on Fri May 24 18:01:18 MDT 2019
<<<<<<< HEAD
# Start of session at: Wed Dec 13 14:06:05 2023
# Process ID: 10860
# Current directory: C:/Users/schwinn/final_project
# Command line: vivado.exe -gui_launcher_event rodinguilauncherevent11808 C:\Users\schwinn\final_project\project_1.xpr
=======
<<<<<<< HEAD
<<<<<<< main
<<<<<<< main
# Start of session at: Tue Dec 12 22:16:10 2023
# Process ID: 12980
# Current directory: C:/Users/schwinn/final_project
# Command line: vivado.exe -gui_launcher_event rodinguilauncherevent2784 C:\Users\schwinn\final_project\project_1.xpr
=======
# Start of session at: Tue Dec 12 21:31:33 2023
# Process ID: 12992
# Current directory: C:/Users/schwinn/final_project
# Command line: vivado.exe -gui_launcher_event rodinguilauncherevent13184 C:\Users\schwinn\final_project\project_1.xpr
>>>>>>> Stash
=======
# Start of session at: Wed Dec 13 06:28:33 2023
# Process ID: 7028
# Current directory: C:/Users/schwinn/final_project
# Command line: vivado.exe -gui_launcher_event rodinguilauncherevent11768 C:\Users\schwinn\final_project\project_1.xpr
>>>>>>> tb working echo
=======
# Start of session at: Wed Dec 13 06:28:33 2023
# Process ID: 7028
# Current directory: C:/Users/schwinn/final_project
# Command line: vivado.exe -gui_launcher_event rodinguilauncherevent11768 C:\Users\schwinn\final_project\project_1.xpr
>>>>>>> d5afa2492b10206a6157e7f9f362131d766a4c94
>>>>>>> c8750dbdc701453d2d2ec670764e5d1e96294522
# Log file: C:/Users/schwinn/final_project/vivado.log
# Journal file: C:/Users/schwinn/final_project\vivado.jou
#-----------------------------------------------------------
start_gui
open_project C:/Users/schwinn/final_project/project_1.xpr
CRITICAL WARNING: [Project 1-19] Could not find the file 'C:/Users/schwinn/final_project/chord_player_tb.v'.
Scanning sources...
Finished scanning sources
WARNING: [filemgmt 56-3] IP Repository Path: Could not find the directory 'C:/Users/schwinn/Downloads/hdmi_tx_ip'.
INFO: [IP_Flow 19-234] Refreshing IP repositories
WARNING: [IP_Flow 19-2248] Failed to load user IP repository 'c:/Users/schwinn/Downloads/hdmi_tx_ip'; Can't find the specified path.
If this directory should no longer be in your list of user repositories, go to the IP Settings dialog and remove it.
INFO: [IP_Flow 19-2313] Loaded Vivado IP repository 'C:/Xilinx/Vivado/2019.1/data/ip'.
WARNING: [IP_Flow 19-2162] IP 'hdmi_tx_0' is locked:
* IP definition 'hdmi_tx (1.1)' for IP 'hdmi_tx_0' (customized with software release 2019.1) was not found in the IP Catalog.
<<<<<<< HEAD
open_project: Time (s): cpu = 00:00:14 ; elapsed = 00:00:05 . Memory (MB): peak = 711.508 ; gain = 93.066
=======
<<<<<<< HEAD
<<<<<<< main
<<<<<<< main
open_project: Time (s): cpu = 00:00:14 ; elapsed = 00:00:06 . Memory (MB): peak = 1021.500 ; gain = 164.684
=======
open_project: Time (s): cpu = 00:00:16 ; elapsed = 00:00:06 . Memory (MB): peak = 736.746 ; gain = 119.043
update_compile_order -fileset sources_1
reset_run synth_1
launch_runs impl_1 -to_step write_bitstream -jobs 8
[Tue Dec 12 21:32:06 2023] Launched synth_1...
Run output will be captured here: C:/Users/schwinn/final_project/project_1.runs/synth_1/runme.log
[Tue Dec 12 21:32:06 2023] Launched impl_1...
Run output will be captured here: C:/Users/schwinn/final_project/project_1.runs/impl_1/runme.log
reset_run synth_1
launch_runs impl_1 -to_step write_bitstream -jobs 8
[Tue Dec 12 21:32:57 2023] Launched synth_1...
Run output will be captured here: C:/Users/schwinn/final_project/project_1.runs/synth_1/runme.log
[Tue Dec 12 21:32:57 2023] Launched impl_1...
Run output will be captured here: C:/Users/schwinn/final_project/project_1.runs/impl_1/runme.log
open_hw
close_hw
reset_run synth_1
launch_runs impl_1 -to_step write_bitstream -jobs 8
[Tue Dec 12 21:49:30 2023] Launched synth_1...
Run output will be captured here: C:/Users/schwinn/final_project/project_1.runs/synth_1/runme.log
[Tue Dec 12 21:49:30 2023] Launched impl_1...
Run output will be captured here: C:/Users/schwinn/final_project/project_1.runs/impl_1/runme.log
open_hw
connect_hw_server
INFO: [Labtools 27-2285] Connecting to hw_server url TCP:localhost:3121
INFO: [Labtools 27-2222] Launching hw_server...
INFO: [Labtools 27-2221] Launch Output:

****** Xilinx hw_server v2019.1
  **** Build date : May 24 2019 at 15:13:31
    ** Copyright 1986-2019 Xilinx, Inc. All Rights Reserved.


open_hw_target
INFO: [Labtoolstcl 44-466] Opening hw_target localhost:3121/xilinx_tcf/Xilinx/1234-tulA
open_hw_target: Time (s): cpu = 00:00:05 ; elapsed = 00:00:07 . Memory (MB): peak = 1935.188 ; gain = 977.840
set_property PROGRAM.FILE {C:/Users/schwinn/final_project/project_1.runs/impl_1/lab5_top.bit} [get_hw_devices xc7z020_1]
current_hw_device [get_hw_devices xc7z020_1]
refresh_hw_device -update_hw_probes false [lindex [get_hw_devices xc7z020_1] 0]
INFO: [Labtools 27-1434] Device xc7z020 (JTAG device index = 1) is programmed with a design that has no supported debug core(s) in it.
set_property PROBES.FILE {} [get_hw_devices xc7z020_1]
set_property FULL_PROBES.FILE {} [get_hw_devices xc7z020_1]
set_property PROGRAM.FILE {C:/Users/schwinn/final_project/project_1.runs/impl_1/lab5_top.bit} [get_hw_devices xc7z020_1]
program_hw_devices [get_hw_devices xc7z020_1]
INFO: [Labtools 27-3164] End of startup status: HIGH
refresh_hw_device [lindex [get_hw_devices xc7z020_1] 0]
INFO: [Labtools 27-1434] Device xc7z020 (JTAG device index = 1) is programmed with a design that has no supported debug core(s) in it.
WARNING: [Labtoolstcl 44-129] No matching hw_ila_data was found.
refresh_hw_device [lindex [get_hw_devices xc7z020_1] 0]
INFO: [Labtools 27-1435] Device xc7z020 (JTAG device index = 1) is not programmed (DONE status = 0).
set_property PROBES.FILE {} [get_hw_devices xc7z020_1]
set_property FULL_PROBES.FILE {} [get_hw_devices xc7z020_1]
set_property PROGRAM.FILE {C:/Users/schwinn/final_project/project_1.runs/impl_1/lab5_top.bit} [get_hw_devices xc7z020_1]
program_hw_devices [get_hw_devices xc7z020_1]
ERROR: [Labtools 27-3165] End of startup status: LOW
ERROR: [Common 17-39] 'program_hw_devices' failed due to earlier errors.
ERROR: [Labtoolstcl 44-513] HW Target shutdown. Closing target: localhost:3121/xilinx_tcf/Xilinx/1234-tulA
INFO: [Labtoolstcl 44-466] Opening hw_target localhost:3121/xilinx_tcf/Xilinx/1234-tulA
WARNING: [Labtoolstcl 44-129] No matching hw_ila_data was found.
INFO: [Labtools 27-1435] Device xc7z020 (JTAG device index = 1) is not programmed (DONE status = 0).
WARNING: [Labtoolstcl 44-129] No matching hw_ila_data was found.
set_property PROBES.FILE {} [get_hw_devices xc7z020_1]
set_property FULL_PROBES.FILE {} [get_hw_devices xc7z020_1]
set_property PROGRAM.FILE {C:/Users/schwinn/final_project/project_1.runs/impl_1/lab5_top.bit} [get_hw_devices xc7z020_1]
program_hw_devices [get_hw_devices xc7z020_1]
ERROR: [Labtools 27-3165] End of startup status: LOW
ERROR: [Common 17-39] 'program_hw_devices' failed due to earlier errors.
ERROR: [Labtoolstcl 44-513] HW Target shutdown. Closing target: localhost:3121/xilinx_tcf/Xilinx/1234-tulA
INFO: [Labtoolstcl 44-466] Opening hw_target localhost:3121/xilinx_tcf/Xilinx/1234-tulA
WARNING: [Labtoolstcl 44-129] No matching hw_ila_data was found.
INFO: [Labtools 27-1434] Device xc7z020 (JTAG device index = 1) is programmed with a design that has no supported debug core(s) in it.
WARNING: [Labtoolstcl 44-129] No matching hw_ila_data was found.
refresh_hw_device [lindex [get_hw_devices xc7z020_1] 0]
INFO: [Labtools 27-1434] Device xc7z020 (JTAG device index = 1) is programmed with a design that has no supported debug core(s) in it.
set_property PROBES.FILE {} [get_hw_devices xc7z020_1]
set_property FULL_PROBES.FILE {} [get_hw_devices xc7z020_1]
set_property PROGRAM.FILE {C:/Users/schwinn/final_project/project_1.runs/impl_1/lab5_top.bit} [get_hw_devices xc7z020_1]
program_hw_devices [get_hw_devices xc7z020_1]
INFO: [Labtools 27-3164] End of startup status: HIGH
refresh_hw_device [lindex [get_hw_devices xc7z020_1] 0]
INFO: [Labtools 27-1434] Device xc7z020 (JTAG device index = 1) is programmed with a design that has no supported debug core(s) in it.
reset_run synth_1
WARNING: [Vivado 12-1017] Problems encountered:
1. Failed to delete one or more files in run directory C:/Users/schwinn/final_project/project_1.runs/synth_1

launch_runs impl_1 -to_step write_bitstream -jobs 8
[Tue Dec 12 22:12:34 2023] Launched synth_1...
Run output will be captured here: C:/Users/schwinn/final_project/project_1.runs/synth_1/runme.log
[Tue Dec 12 22:12:34 2023] Launched impl_1...
Run output will be captured here: C:/Users/schwinn/final_project/project_1.runs/impl_1/runme.log
reset_run synth_1
WARNING: [Vivado 12-1017] Problems encountered:
1. Failed to delete one or more files in run directory C:/Users/schwinn/final_project/project_1.runs/synth_1

exit
INFO: [Common 17-206] Exiting Vivado at Tue Dec 12 22:14:34 2023...
>>>>>>> Stash
=======
open_project: Time (s): cpu = 00:00:14 ; elapsed = 00:00:05 . Memory (MB): peak = 728.012 ; gain = 102.195
<<<<<<< main
>>>>>>> tb working echo
=======
update_compile_order -fileset sources_1
=======
open_project: Time (s): cpu = 00:00:14 ; elapsed = 00:00:05 . Memory (MB): peak = 728.012 ; gain = 102.195
>>>>>>> c8750dbdc701453d2d2ec670764e5d1e96294522
update_compile_order -fileset sources_1
>>>>>>> d5afa2492b10206a6157e7f9f362131d766a4c94
launch_simulation
INFO: [Vivado 12-5698] Checking validity of IPs in the design for the 'XSim' simulator...
INFO: [Vivado 12-5682] Launching behavioral simulation in 'C:/Users/schwinn/final_project/project_1.sim/sim_1/behav/xsim'
INFO: [Vivado 12-4795] Using compiled simulation libraries for IPs
INFO: [SIM-utils-51] Simulation object is 'sim_1'
INFO: [USF-XSim-7] Finding pre-compiled libraries...
INFO: [USF-XSim-11] File 'C:/Xilinx/Vivado/2019.1/data/xsim/xsim.ini' copied to run dir:'C:/Users/schwinn/final_project/project_1.sim/sim_1/behav/xsim'
INFO: [SIM-utils-54] Inspecting design source files for 'music_player_tb' in fileset 'sim_1'...
INFO: [USF-XSim-97] Finding global include files...
INFO: [USF-XSim-98] Fetching design files from 'sim_1'...
INFO: [USF-XSim-2] XSim::Compile design
INFO: [USF-XSim-61] Executing 'COMPILE and ANALYZE' step in 'C:/Users/schwinn/final_project/project_1.sim/sim_1/behav/xsim'
"xvlog --incr --relax -prj music_player_tb_vlog.prj"
INFO: [VRFC 10-2263] Analyzing Verilog file "C:/Users/schwinn/final_project/ac97_if.v" into library xil_defaultlib
INFO: [VRFC 10-311] analyzing module ac97_if
INFO: [VRFC 10-2263] Analyzing Verilog file "C:/Users/schwinn/final_project/beat_generator.v" into library xil_defaultlib
INFO: [VRFC 10-311] analyzing module beat_generator
INFO: [VRFC 10-2263] Analyzing Verilog file "C:/Users/schwinn/final_project/chord_player.v" into library xil_defaultlib
INFO: [VRFC 10-311] analyzing module chord_player
INFO: [VRFC 10-2263] Analyzing Verilog file "C:/Users/schwinn/final_project/chord_slot.v" into library xil_defaultlib
INFO: [VRFC 10-311] analyzing module chord_slot
INFO: [VRFC 10-2263] Analyzing Verilog file "C:/Users/schwinn/final_project/codec_conditioner.v" into library xil_defaultlib
INFO: [VRFC 10-311] analyzing module codec_conditioner
INFO: [VRFC 10-2263] Analyzing Verilog file "C:/Users/schwinn/final_project/dff.v" into library xil_defaultlib
INFO: [VRFC 10-311] analyzing module dff
INFO: [VRFC 10-2263] Analyzing Verilog file "C:/Users/schwinn/final_project/dffr.v" into library xil_defaultlib
INFO: [VRFC 10-311] analyzing module dffr
INFO: [VRFC 10-2263] Analyzing Verilog file "C:/Users/schwinn/final_project/dffre.v" into library xil_defaultlib
INFO: [VRFC 10-311] analyzing module dffre
INFO: [VRFC 10-2263] Analyzing Verilog file "C:/Users/schwinn/final_project/dynamics.v" into library xil_defaultlib
INFO: [VRFC 10-311] analyzing module dynamics
INFO: [VRFC 10-2263] Analyzing Verilog file "C:/Users/schwinn/final_project/project_1.srcs/sources_1/new/echo.v" into library xil_defaultlib
INFO: [VRFC 10-311] analyzing module echo
INFO: [VRFC 10-2263] Analyzing Verilog file "C:/Users/schwinn/final_project/frequency_rom.v" into library xil_defaultlib
INFO: [VRFC 10-311] analyzing module frequency_rom
INFO: [VRFC 10-2263] Analyzing Verilog file "C:/Users/schwinn/final_project/mcu.v" into library xil_defaultlib
INFO: [VRFC 10-311] analyzing module mcu
INFO: [VRFC 10-2263] Analyzing Verilog file "C:/Users/schwinn/final_project/music_player.v" into library xil_defaultlib
INFO: [VRFC 10-311] analyzing module music_player
INFO: [VRFC 10-2263] Analyzing Verilog file "C:/Users/schwinn/final_project/note_player.v" into library xil_defaultlib
INFO: [VRFC 10-311] analyzing module note_player
INFO: [VRFC 10-2263] Analyzing Verilog file "C:/Users/schwinn/final_project/project_1.srcs/sources_1/new/replay_ram.v" into library xil_defaultlib
INFO: [VRFC 10-311] analyzing module replay_ram
INFO: [VRFC 10-2263] Analyzing Verilog file "C:/Users/schwinn/final_project/sine_reader.v" into library xil_defaultlib
INFO: [VRFC 10-311] analyzing module sine_reader
INFO: [VRFC 10-2263] Analyzing Verilog file "C:/Users/schwinn/final_project/sine_rom.v" into library xil_defaultlib
INFO: [VRFC 10-311] analyzing module sine_rom
INFO: [VRFC 10-2263] Analyzing Verilog file "C:/Users/schwinn/final_project/song_reader.v" into library xil_defaultlib
INFO: [VRFC 10-311] analyzing module song_reader
INFO: [VRFC 10-2263] Analyzing Verilog file "C:/Users/schwinn/final_project/song_rom.v" into library xil_defaultlib
INFO: [VRFC 10-311] analyzing module song_rom
INFO: [VRFC 10-2263] Analyzing Verilog file "C:/Users/schwinn/final_project/music_player_tb.v" into library xil_defaultlib
INFO: [VRFC 10-311] analyzing module music_player_tb
INFO: [USF-XSim-69] 'compile' step finished in '2' seconds
INFO: [USF-XSim-3] XSim::Elaborate design
INFO: [USF-XSim-61] Executing 'ELABORATE' step in 'C:/Users/schwinn/final_project/project_1.sim/sim_1/behav/xsim'
"xelab -wto 649fac6bb3f64933b76be66f434eb721 --incr --debug typical --relax --mt 2 -L xil_defaultlib -L unisims_ver -L unimacro_ver -L secureip -L xpm --snapshot music_player_tb_behav xil_defaultlib.music_player_tb xil_defaultlib.glbl -log elaborate.log"
Vivado Simulator 2019.1
Copyright 1986-1999, 2001-2019 Xilinx, Inc. All Rights Reserved.
Running: C:/Xilinx/Vivado/2019.1/bin/unwrapped/win64.o/xelab.exe -wto 649fac6bb3f64933b76be66f434eb721 --incr --debug typical --relax --mt 2 -L xil_defaultlib -L unisims_ver -L unimacro_ver -L secureip -L xpm --snapshot music_player_tb_behav xil_defaultlib.music_player_tb xil_defaultlib.glbl -log elaborate.log 
Using 2 slave threads.
Starting static elaboration
Completed static elaboration
Starting simulation data flow analysis
WARNING: [XSIM 43-4100] "C:/Users/schwinn/final_project/project_1.sim/sim_1/behav/xsim/glbl.v" Line 6. Module glbl has a timescale but at least one module in design doesn't have timescale.
Completed simulation data flow analysis
Time Resolution for simulation is 1ps
Compiling module xil_defaultlib.dffre(WIDTH=2)
Compiling module xil_defaultlib.dffr
Compiling module xil_defaultlib.mcu
Compiling module xil_defaultlib.dffr(WIDTH=7)
Compiling module xil_defaultlib.dffr(WIDTH=3)
Compiling module xil_defaultlib.song_rom
Compiling module xil_defaultlib.song_reader
Compiling module xil_defaultlib.dffre(WIDTH=6)
Compiling module xil_defaultlib.chord_slot
Compiling module xil_defaultlib.chord_slot(IS_WAITER=1)
Compiling module xil_defaultlib.dffre
Compiling module xil_defaultlib.frequency_rom
Compiling module xil_defaultlib.dffre(WIDTH=22)
Compiling module xil_defaultlib.sine_rom
Compiling module xil_defaultlib.dff
Compiling module xil_defaultlib.sine_reader
Compiling module xil_defaultlib.dffr(WIDTH=48)
Compiling module xil_defaultlib.note_player
Compiling module xil_defaultlib.dffre(WIDTH=16)
Compiling module xil_defaultlib.dffr(WIDTH=16)
Compiling module xil_defaultlib.dynamics
Compiling module xil_defaultlib.chord_player
Compiling module xil_defaultlib.replay_ram
Compiling module xil_defaultlib.dffr(WIDTH=17)
Compiling module xil_defaultlib.echo(WIDTH=24)
Compiling module xil_defaultlib.dffre(WIDTH=10)
Compiling module xil_defaultlib.beat_generator(STOP=100)
Compiling module xil_defaultlib.codec_conditioner
Compiling module xil_defaultlib.music_player
Compiling module xil_defaultlib.dffr(WIDTH=8)
Compiling module xil_defaultlib.dffre(WIDTH=32)
Compiling module xil_defaultlib.ac97_if
Compiling module xil_defaultlib.music_player_tb
Compiling module xil_defaultlib.glbl
Built simulation snapshot music_player_tb_behav
INFO: [USF-XSim-69] 'elaborate' step finished in '3' seconds
INFO: [USF-XSim-4] XSim::Simulate design
INFO: [USF-XSim-61] Executing 'SIMULATE' step in 'C:/Users/schwinn/final_project/project_1.sim/sim_1/behav/xsim'
INFO: [USF-XSim-98] *** Running xsim
   with args "music_player_tb_behav -key {Behavioral:sim_1:Functional:music_player_tb} -tclbatch {music_player_tb.tcl} -log {simulate.log}"
INFO: [USF-XSim-8] Loading simulator feature
Vivado Simulator 2019.1
Time resolution is 1 ps
source music_player_tb.tcl
# set curr_wave [current_wave_config]
# if { [string length $curr_wave] == 0 } {
#   if { [llength [get_objects]] > 0} {
#     add_wave /
#     set_property needs_save false [current_wave_config]
#   } else {
#      send_msg_id Add_Wave-1 WARNING "No top level signals found. Simulator will start without a wave window. If you want to open a wave window go to 'File->New Waveform Configuration' or type 'create_wave_config' in the TCL console."
#   }
# }
# run 0.01s
Audio out: sound file audio.snd opened for output.
Playing first song...
INFO: [Common 17-41] Interrupt caught. Command should exit soon.
run: Time (s): cpu = 00:00:07 ; elapsed = 00:00:27 . Memory (MB): peak = 796.680 ; gain = 0.000
INFO: [Common 17-344] 'run' was cancelled
INFO: [Common 17-344] 'source' was cancelled
xsim: Time (s): cpu = 00:00:13 ; elapsed = 00:00:31 . Memory (MB): peak = 796.680 ; gain = 11.133
INFO: [Common 17-344] 'xsim' was cancelled
INFO: [Vivado 12-5357] 'simulate' step aborted
launch_simulation: Time (s): cpu = 00:00:17 ; elapsed = 00:00:38 . Memory (MB): peak = 796.680 ; gain = 11.133
INFO: [Common 17-344] 'launch_simulation' was cancelled
current_wave_config {Untitled 1}
Untitled 1
add_wave {{/music_player_tb/music_player/chord_sample}} 
current_wave_config {Untitled 1}
Untitled 1
add_wave {{/music_player_tb/music_player/echo_sample}} 
restart
INFO: [Simtcl 6-17] Simulation restarted
current_wave_config {Untitled 1}
Untitled 1
add_wave {{/music_player_tb/music_player/final_sample}} 
run 10 ms
Audio out: sound file audio.snd opened for output.
Playing first song...
run: Time (s): cpu = 00:00:05 ; elapsed = 00:00:23 . Memory (MB): peak = 819.027 ; gain = 0.000
close_sim
INFO: [Simtcl 6-16] Simulation closed
launch_simulation
INFO: [Vivado 12-5698] Checking validity of IPs in the design for the 'XSim' simulator...
INFO: [Vivado 12-5682] Launching behavioral simulation in 'C:/Users/schwinn/final_project/project_1.sim/sim_1/behav/xsim'
INFO: [Vivado 12-4795] Using compiled simulation libraries for IPs
INFO: [SIM-utils-51] Simulation object is 'sim_1'
INFO: [USF-XSim-7] Finding pre-compiled libraries...
INFO: [USF-XSim-11] File 'C:/Xilinx/Vivado/2019.1/data/xsim/xsim.ini' copied to run dir:'C:/Users/schwinn/final_project/project_1.sim/sim_1/behav/xsim'
INFO: [SIM-utils-54] Inspecting design source files for 'music_player_tb' in fileset 'sim_1'...
INFO: [USF-XSim-97] Finding global include files...
INFO: [USF-XSim-98] Fetching design files from 'sim_1'...
INFO: [USF-XSim-2] XSim::Compile design
INFO: [USF-XSim-61] Executing 'COMPILE and ANALYZE' step in 'C:/Users/schwinn/final_project/project_1.sim/sim_1/behav/xsim'
"xvlog --incr --relax -prj music_player_tb_vlog.prj"
INFO: [VRFC 10-2263] Analyzing Verilog file "C:/Users/schwinn/final_project/ac97_if.v" into library xil_defaultlib
INFO: [VRFC 10-311] analyzing module ac97_if
INFO: [VRFC 10-2263] Analyzing Verilog file "C:/Users/schwinn/final_project/beat_generator.v" into library xil_defaultlib
INFO: [VRFC 10-311] analyzing module beat_generator
INFO: [VRFC 10-2263] Analyzing Verilog file "C:/Users/schwinn/final_project/chord_player.v" into library xil_defaultlib
INFO: [VRFC 10-311] analyzing module chord_player
INFO: [VRFC 10-2263] Analyzing Verilog file "C:/Users/schwinn/final_project/chord_slot.v" into library xil_defaultlib
INFO: [VRFC 10-311] analyzing module chord_slot
INFO: [VRFC 10-2263] Analyzing Verilog file "C:/Users/schwinn/final_project/codec_conditioner.v" into library xil_defaultlib
INFO: [VRFC 10-311] analyzing module codec_conditioner
INFO: [VRFC 10-2263] Analyzing Verilog file "C:/Users/schwinn/final_project/dff.v" into library xil_defaultlib
INFO: [VRFC 10-311] analyzing module dff
INFO: [VRFC 10-2263] Analyzing Verilog file "C:/Users/schwinn/final_project/dffr.v" into library xil_defaultlib
INFO: [VRFC 10-311] analyzing module dffr
INFO: [VRFC 10-2263] Analyzing Verilog file "C:/Users/schwinn/final_project/dffre.v" into library xil_defaultlib
INFO: [VRFC 10-311] analyzing module dffre
INFO: [VRFC 10-2263] Analyzing Verilog file "C:/Users/schwinn/final_project/dynamics.v" into library xil_defaultlib
INFO: [VRFC 10-311] analyzing module dynamics
INFO: [VRFC 10-2263] Analyzing Verilog file "C:/Users/schwinn/final_project/project_1.srcs/sources_1/new/echo.v" into library xil_defaultlib
INFO: [VRFC 10-311] analyzing module echo
INFO: [VRFC 10-2263] Analyzing Verilog file "C:/Users/schwinn/final_project/frequency_rom.v" into library xil_defaultlib
INFO: [VRFC 10-311] analyzing module frequency_rom
INFO: [VRFC 10-2263] Analyzing Verilog file "C:/Users/schwinn/final_project/mcu.v" into library xil_defaultlib
INFO: [VRFC 10-311] analyzing module mcu
INFO: [VRFC 10-2263] Analyzing Verilog file "C:/Users/schwinn/final_project/music_player.v" into library xil_defaultlib
INFO: [VRFC 10-311] analyzing module music_player
INFO: [VRFC 10-2263] Analyzing Verilog file "C:/Users/schwinn/final_project/note_player.v" into library xil_defaultlib
INFO: [VRFC 10-311] analyzing module note_player
INFO: [VRFC 10-2263] Analyzing Verilog file "C:/Users/schwinn/final_project/project_1.srcs/sources_1/new/replay_ram.v" into library xil_defaultlib
INFO: [VRFC 10-311] analyzing module replay_ram
INFO: [VRFC 10-2263] Analyzing Verilog file "C:/Users/schwinn/final_project/sine_reader.v" into library xil_defaultlib
INFO: [VRFC 10-311] analyzing module sine_reader
INFO: [VRFC 10-2263] Analyzing Verilog file "C:/Users/schwinn/final_project/sine_rom.v" into library xil_defaultlib
INFO: [VRFC 10-311] analyzing module sine_rom
INFO: [VRFC 10-2263] Analyzing Verilog file "C:/Users/schwinn/final_project/song_reader.v" into library xil_defaultlib
INFO: [VRFC 10-311] analyzing module song_reader
INFO: [VRFC 10-2263] Analyzing Verilog file "C:/Users/schwinn/final_project/song_rom.v" into library xil_defaultlib
INFO: [VRFC 10-311] analyzing module song_rom
INFO: [VRFC 10-2263] Analyzing Verilog file "C:/Users/schwinn/final_project/music_player_tb.v" into library xil_defaultlib
INFO: [VRFC 10-311] analyzing module music_player_tb
INFO: [USF-XSim-69] 'compile' step finished in '2' seconds
INFO: [USF-XSim-3] XSim::Elaborate design
INFO: [USF-XSim-61] Executing 'ELABORATE' step in 'C:/Users/schwinn/final_project/project_1.sim/sim_1/behav/xsim'
"xelab -wto 649fac6bb3f64933b76be66f434eb721 --incr --debug typical --relax --mt 2 -L xil_defaultlib -L unisims_ver -L unimacro_ver -L secureip -L xpm --snapshot music_player_tb_behav xil_defaultlib.music_player_tb xil_defaultlib.glbl -log elaborate.log"
Vivado Simulator 2019.1
Copyright 1986-1999, 2001-2019 Xilinx, Inc. All Rights Reserved.
Running: C:/Xilinx/Vivado/2019.1/bin/unwrapped/win64.o/xelab.exe -wto 649fac6bb3f64933b76be66f434eb721 --incr --debug typical --relax --mt 2 -L xil_defaultlib -L unisims_ver -L unimacro_ver -L secureip -L xpm --snapshot music_player_tb_behav xil_defaultlib.music_player_tb xil_defaultlib.glbl -log elaborate.log 
Using 2 slave threads.
Starting static elaboration
Completed static elaboration
Starting simulation data flow analysis
WARNING: [XSIM 43-4100] "C:/Users/schwinn/final_project/project_1.sim/sim_1/behav/xsim/glbl.v" Line 6. Module glbl has a timescale but at least one module in design doesn't have timescale.
Completed simulation data flow analysis
Time Resolution for simulation is 1ps
Compiling module xil_defaultlib.dffre(WIDTH=2)
Compiling module xil_defaultlib.dffr
Compiling module xil_defaultlib.mcu
Compiling module xil_defaultlib.dffr(WIDTH=7)
Compiling module xil_defaultlib.dffr(WIDTH=3)
Compiling module xil_defaultlib.song_rom
Compiling module xil_defaultlib.song_reader
Compiling module xil_defaultlib.dffre(WIDTH=6)
Compiling module xil_defaultlib.chord_slot
Compiling module xil_defaultlib.chord_slot(IS_WAITER=1)
Compiling module xil_defaultlib.dffre
Compiling module xil_defaultlib.frequency_rom
Compiling module xil_defaultlib.dffre(WIDTH=22)
Compiling module xil_defaultlib.sine_rom
Compiling module xil_defaultlib.dff
Compiling module xil_defaultlib.sine_reader
Compiling module xil_defaultlib.dffr(WIDTH=48)
Compiling module xil_defaultlib.note_player
Compiling module xil_defaultlib.dffre(WIDTH=16)
Compiling module xil_defaultlib.dffr(WIDTH=16)
Compiling module xil_defaultlib.dynamics
Compiling module xil_defaultlib.chord_player
Compiling module xil_defaultlib.replay_ram
Compiling module xil_defaultlib.dffr(WIDTH=17)
Compiling module xil_defaultlib.echo(WIDTH=24)
Compiling module xil_defaultlib.dffre(WIDTH=10)
Compiling module xil_defaultlib.beat_generator(STOP=100)
Compiling module xil_defaultlib.codec_conditioner
Compiling module xil_defaultlib.music_player
Compiling module xil_defaultlib.dffr(WIDTH=8)
Compiling module xil_defaultlib.dffre(WIDTH=32)
Compiling module xil_defaultlib.ac97_if
Compiling module xil_defaultlib.music_player_tb
Compiling module xil_defaultlib.glbl
Built simulation snapshot music_player_tb_behav
INFO: [USF-XSim-69] 'elaborate' step finished in '3' seconds
INFO: [USF-XSim-4] XSim::Simulate design
INFO: [USF-XSim-61] Executing 'SIMULATE' step in 'C:/Users/schwinn/final_project/project_1.sim/sim_1/behav/xsim'
INFO: [USF-XSim-98] *** Running xsim
   with args "music_player_tb_behav -key {Behavioral:sim_1:Functional:music_player_tb} -tclbatch {music_player_tb.tcl} -log {simulate.log}"
INFO: [USF-XSim-8] Loading simulator feature
Vivado Simulator 2019.1
Time resolution is 1 ps
source music_player_tb.tcl
# set curr_wave [current_wave_config]
# if { [string length $curr_wave] == 0 } {
#   if { [llength [get_objects]] > 0} {
#     add_wave /
#     set_property needs_save false [current_wave_config]
#   } else {
#      send_msg_id Add_Wave-1 WARNING "No top level signals found. Simulator will start without a wave window. If you want to open a wave window go to 'File->New Waveform Configuration' or type 'create_wave_config' in the TCL console."
#   }
# }
# run 0.01s
Audio out: sound file audio.snd opened for output.
Playing first song...
INFO: [Common 17-41] Interrupt caught. Command should exit soon.
run: Time (s): cpu = 00:00:02 ; elapsed = 00:00:10 . Memory (MB): peak = 819.027 ; gain = 0.000
INFO: [Common 17-344] 'run' was cancelled
INFO: [Common 17-344] 'source' was cancelled
xsim: Time (s): cpu = 00:00:05 ; elapsed = 00:00:13 . Memory (MB): peak = 819.027 ; gain = 0.000
INFO: [Common 17-344] 'xsim' was cancelled
INFO: [Vivado 12-5357] 'simulate' step aborted
launch_simulation: Time (s): cpu = 00:00:06 ; elapsed = 00:00:18 . Memory (MB): peak = 819.027 ; gain = 0.000
INFO: [Common 17-344] 'launch_simulation' was cancelled
current_wave_config {Untitled 2}
Untitled 2
add_wave {{/music_player_tb/music_player/echo_sample}} 
current_wave_config {Untitled 2}
Untitled 2
add_wave {{/music_player_tb/music_player/final_sample}} 
current_wave_config {Untitled 2}
Untitled 2
add_wave {{/music_player_tb/music_player/chord_sample}} 
run 10 ms
run: Time (s): cpu = 00:00:10 ; elapsed = 00:00:38 . Memory (MB): peak = 819.027 ; gain = 0.000
restart
INFO: [Simtcl 6-17] Simulation restarted
run 10 ms
Audio out: sound file audio.snd opened for output.
Playing first song...
run: Time (s): cpu = 00:00:15 ; elapsed = 00:00:56 . Memory (MB): peak = 824.867 ; gain = 5.840
current_wave_config {Untitled 2}
Untitled 2
add_wave {{/music_player_tb/music_player/generate_next_sample}} 
current_wave_config {Untitled 2}
Untitled 2
add_wave {{/music_player_tb/music_player/echo_sample_ready_pulse}} 
restart
INFO: [Simtcl 6-17] Simulation restarted
run 10 ms
Audio out: sound file audio.snd opened for output.
Playing first song...
run: Time (s): cpu = 00:00:04 ; elapsed = 00:00:22 . Memory (MB): peak = 824.867 ; gain = 0.000
reset_run synth_1
WARNING: [Vivado 12-1017] Problems encountered:
1. Failed to delete one or more files in run directory C:/Users/schwinn/final_project/project_1.runs/synth_1

launch_runs impl_1 -to_step write_bitstream -jobs 8
[Wed Dec 13 14:17:00 2023] Launched synth_1...
Run output will be captured here: C:/Users/schwinn/final_project/project_1.runs/synth_1/runme.log
[Wed Dec 13 14:17:00 2023] Launched impl_1...
Run output will be captured here: C:/Users/schwinn/final_project/project_1.runs/impl_1/runme.log
open_hw
connect_hw_server
INFO: [Labtools 27-2285] Connecting to hw_server url TCP:localhost:3121
INFO: [Labtools 27-2222] Launching hw_server...
INFO: [Labtools 27-2221] Launch Output:

****** Xilinx hw_server v2019.1
  **** Build date : May 24 2019 at 15:13:31
    ** Copyright 1986-2019 Xilinx, Inc. All Rights Reserved.


open_hw_target
INFO: [Labtoolstcl 44-466] Opening hw_target localhost:3121/xilinx_tcf/Xilinx/1234-tulA
open_hw_target: Time (s): cpu = 00:00:05 ; elapsed = 00:00:07 . Memory (MB): peak = 1969.113 ; gain = 1125.766
set_property PROGRAM.FILE {C:/Users/schwinn/final_project/project_1.runs/impl_1/lab5_top.bit} [get_hw_devices xc7z020_1]
current_hw_device [get_hw_devices xc7z020_1]
refresh_hw_device -update_hw_probes false [lindex [get_hw_devices xc7z020_1] 0]
INFO: [Labtools 27-1434] Device xc7z020 (JTAG device index = 1) is programmed with a design that has no supported debug core(s) in it.
refresh_hw_device [lindex [get_hw_devices xc7z020_1] 0]
INFO: [Labtools 27-1434] Device xc7z020 (JTAG device index = 1) is programmed with a design that has no supported debug core(s) in it.
set_property PROBES.FILE {} [get_hw_devices xc7z020_1]
set_property FULL_PROBES.FILE {} [get_hw_devices xc7z020_1]
set_property PROGRAM.FILE {C:/Users/schwinn/final_project/project_1.runs/impl_1/lab5_top.bit} [get_hw_devices xc7z020_1]
program_hw_devices [get_hw_devices xc7z020_1]
INFO: [Labtools 27-3164] End of startup status: HIGH
refresh_hw_device [lindex [get_hw_devices xc7z020_1] 0]
INFO: [Labtools 27-1434] Device xc7z020 (JTAG device index = 1) is programmed with a design that has no supported debug core(s) in it.
reset_run synth_1
WARNING: [Vivado 12-1017] Problems encountered:
1. Failed to delete one or more files in run directory C:/Users/schwinn/final_project/project_1.runs/synth_1

launch_runs impl_1 -to_step write_bitstream -jobs 8
[Wed Dec 13 14:29:13 2023] Launched synth_1...
Run output will be captured here: C:/Users/schwinn/final_project/project_1.runs/synth_1/runme.log
[Wed Dec 13 14:29:13 2023] Launched impl_1...
Run output will be captured here: C:/Users/schwinn/final_project/project_1.runs/impl_1/runme.log
<<<<<<< HEAD
ERROR: [Labtoolstcl 44-513] HW Target shutdown. Closing target: localhost:3121/xilinx_tcf/Xilinx/1234-tulA
INFO: [Labtoolstcl 44-466] Opening hw_target localhost:3121/xilinx_tcf/Xilinx/1234-tulA
WARNING: [Labtoolstcl 44-129] No matching hw_ila_data was found.
INFO: [Labtools 27-1434] Device xc7z020 (JTAG device index = 1) is programmed with a design that has no supported debug core(s) in it.
WARNING: [Labtoolstcl 44-129] No matching hw_ila_data was found.
refresh_hw_device [lindex [get_hw_devices xc7z020_1] 0]
INFO: [Labtools 27-1434] Device xc7z020 (JTAG device index = 1) is programmed with a design that has no supported debug core(s) in it.
set_property PROBES.FILE {} [get_hw_devices xc7z020_1]
set_property FULL_PROBES.FILE {} [get_hw_devices xc7z020_1]
set_property PROGRAM.FILE {C:/Users/schwinn/final_project/project_1.runs/impl_1/lab5_top.bit} [get_hw_devices xc7z020_1]
program_hw_devices [get_hw_devices xc7z020_1]
INFO: [Labtools 27-3164] End of startup status: HIGH
refresh_hw_device [lindex [get_hw_devices xc7z020_1] 0]
INFO: [Labtools 27-1434] Device xc7z020 (JTAG device index = 1) is programmed with a design that has no supported debug core(s) in it.
reset_run synth_1
WARNING: [Vivado 12-1017] Problems encountered:
1. Failed to delete one or more files in run directory C:/Users/schwinn/final_project/project_1.runs/synth_1

launch_runs impl_1 -to_step write_bitstream -jobs 8
[Wed Dec 13 14:45:49 2023] Launched synth_1...
Run output will be captured here: C:/Users/schwinn/final_project/project_1.runs/synth_1/runme.log
[Wed Dec 13 14:45:49 2023] Launched impl_1...
Run output will be captured here: C:/Users/schwinn/final_project/project_1.runs/impl_1/runme.log
ERROR: [Labtoolstcl 44-513] HW Target shutdown. Closing target: localhost:3121/xilinx_tcf/Xilinx/1234-tulA
INFO: [Labtoolstcl 44-466] Opening hw_target localhost:3121/xilinx_tcf/Xilinx/1234-tulA
WARNING: [Labtoolstcl 44-129] No matching hw_ila_data was found.
INFO: [Labtools 27-1434] Device xc7z020 (JTAG device index = 1) is programmed with a design that has no supported debug core(s) in it.
WARNING: [Labtoolstcl 44-129] No matching hw_ila_data was found.
ERROR: [Labtoolstcl 44-513] HW Target shutdown. Closing target: localhost:3121/xilinx_tcf/Xilinx/1234-tulA
close_hw
open_hw
connect_hw_server
INFO: [Labtools 27-2285] Connecting to hw_server url TCP:localhost:3121
INFO: [Labtools 27-2222] Launching hw_server...
INFO: [Labtools 27-2221] Launch Output:

****** Xilinx hw_server v2019.1
  **** Build date : May 24 2019 at 15:13:31
    ** Copyright 1986-2019 Xilinx, Inc. All Rights Reserved.


disconnect_hw_server localhost:3121
connect_hw_server
INFO: [Labtools 27-2285] Connecting to hw_server url TCP:localhost:3121
disconnect_hw_server localhost:3121
connect_hw_server
INFO: [Labtools 27-2285] Connecting to hw_server url TCP:localhost:3121
open_hw_target
INFO: [Labtoolstcl 44-466] Opening hw_target localhost:3121/xilinx_tcf/Xilinx/1234-tulA
set_property PROGRAM.FILE {C:/Users/schwinn/final_project/project_1.runs/impl_1/lab5_top.bit} [get_hw_devices xc7z020_1]
current_hw_device [get_hw_devices xc7z020_1]
refresh_hw_device -update_hw_probes false [lindex [get_hw_devices xc7z020_1] 0]
INFO: [Labtools 27-1434] Device xc7z020 (JTAG device index = 1) is programmed with a design that has no supported debug core(s) in it.
refresh_hw_device [lindex [get_hw_devices xc7z020_1] 0]
INFO: [Labtools 27-1434] Device xc7z020 (JTAG device index = 1) is programmed with a design that has no supported debug core(s) in it.
set_property PROBES.FILE {} [get_hw_devices xc7z020_1]
set_property FULL_PROBES.FILE {} [get_hw_devices xc7z020_1]
set_property PROGRAM.FILE {C:/Users/schwinn/final_project/project_1.runs/impl_1/lab5_top.bit} [get_hw_devices xc7z020_1]
program_hw_devices [get_hw_devices xc7z020_1]
INFO: [Labtools 27-3164] End of startup status: HIGH
refresh_hw_device [lindex [get_hw_devices xc7z020_1] 0]
INFO: [Labtools 27-1434] Device xc7z020 (JTAG device index = 1) is programmed with a design that has no supported debug core(s) in it.
=======
<<<<<<< HEAD
>>>>>>> tb working echo
=======
>>>>>>> d5afa2492b10206a6157e7f9f362131d766a4c94
>>>>>>> c8750dbdc701453d2d2ec670764e5d1e96294522
